INFO  2021-11-02 17:12:47 [main] HomeWork_06.HW6 (HW6.java:17) - Вход: 
INFO  2021-11-02 17:12:47 [main] HomeWork_06.HW6 (HW6.java:21) - 6; 
INFO  2021-11-02 17:12:47 [main] HomeWork_06.HW6 (HW6.java:21) - 6; 
INFO  2021-11-02 17:12:47 [main] HomeWork_06.HW6 (HW6.java:21) - 7; 
INFO  2021-11-02 17:12:47 [main] HomeWork_06.HW6 (HW6.java:21) - 2; 
INFO  2021-11-02 17:12:47 [main] HomeWork_06.HW6 (HW6.java:21) - 2; 
INFO  2021-11-02 17:12:47 [main] HomeWork_06.HW6 (HW6.java:21) - 8; 
INFO  2021-11-02 17:12:47 [main] HomeWork_06.HW6 (HW6.java:21) - 7; 
INFO  2021-11-02 17:12:47 [main] HomeWork_06.HW6 (HW6.java:21) - 3; 
INFO  2021-11-02 17:12:47 [main] HomeWork_06.HW6 (HW6.java:21) - 3; 
INFO  2021-11-02 17:12:47 [main] HomeWork_06.HW6 (HW6.java:21) - 6; 
INFO  2021-11-02 17:12:47 [main] HomeWork_06.HW6 (HW6.java:21) - 1; 
INFO  2021-11-02 17:12:47 [main] HomeWork_06.HW6 (HW6.java:21) - 5; 
INFO  2021-11-02 17:12:47 [main] HomeWork_06.HW6 (HW6.java:21) - 4; 
INFO  2021-11-02 17:12:47 [main] HomeWork_06.HW6 (HW6.java:21) - 4; 
INFO  2021-11-02 17:12:47 [main] HomeWork_06.HW6 (HW6.java:21) - 0; 
WARN  2021-11-02 17:12:47 [main] HomeWork_06.HW6 (HW6.java:49) - numbersBeFou. После последней четверки нет других цифр
INFO  2021-11-02 17:17:32 [main] HomeWork_06.HW6 (HW6.java:17) - Вход: 
INFO  2021-11-02 17:17:32 [main] HomeWork_06.HW6 (HW6.java:21) - 5; 
INFO  2021-11-02 17:17:32 [main] HomeWork_06.HW6 (HW6.java:21) - 6; 
INFO  2021-11-02 17:17:32 [main] HomeWork_06.HW6 (HW6.java:21) - 0; 
INFO  2021-11-02 17:17:32 [main] HomeWork_06.HW6 (HW6.java:21) - 3; 
INFO  2021-11-02 17:17:32 [main] HomeWork_06.HW6 (HW6.java:21) - 2; 
INFO  2021-11-02 17:17:32 [main] HomeWork_06.HW6 (HW6.java:21) - 1; 
INFO  2021-11-02 17:17:32 [main] HomeWork_06.HW6 (HW6.java:21) - 3; 
INFO  2021-11-02 17:17:32 [main] HomeWork_06.HW6 (HW6.java:21) - 5; 
INFO  2021-11-02 17:17:32 [main] HomeWork_06.HW6 (HW6.java:21) - 9; 
INFO  2021-11-02 17:17:32 [main] HomeWork_06.HW6 (HW6.java:21) - 0; 
INFO  2021-11-02 17:17:32 [main] HomeWork_06.HW6 (HW6.java:21) - 1; 
INFO  2021-11-02 17:17:32 [main] HomeWork_06.HW6 (HW6.java:21) - 0; 
INFO  2021-11-02 17:17:32 [main] HomeWork_06.HW6 (HW6.java:21) - 0; 
INFO  2021-11-02 17:17:32 [main] HomeWork_06.HW6 (HW6.java:21) - 8; 
INFO  2021-11-02 17:17:32 [main] HomeWork_06.HW6 (HW6.java:21) - 3; 
ERROR 2021-11-02 17:17:32 [main] HomeWork_06.HW6 (HW6.java:56) - numbersBeFour. В массиве нет четверок.
INFO  2021-11-02 17:17:58 [main] HomeWork_06.HW6 (HW6.java:17) - Вход: 
INFO  2021-11-02 17:17:58 [main] HomeWork_06.HW6 (HW6.java:21) - 6; 
INFO  2021-11-02 17:17:58 [main] HomeWork_06.HW6 (HW6.java:21) - 6; 
INFO  2021-11-02 17:17:58 [main] HomeWork_06.HW6 (HW6.java:21) - 2; 
INFO  2021-11-02 17:17:58 [main] HomeWork_06.HW6 (HW6.java:21) - 4; 
INFO  2021-11-02 17:17:58 [main] HomeWork_06.HW6 (HW6.java:21) - 4; 
INFO  2021-11-02 17:17:58 [main] HomeWork_06.HW6 (HW6.java:21) - 2; 
INFO  2021-11-02 17:17:58 [main] HomeWork_06.HW6 (HW6.java:21) - 5; 
INFO  2021-11-02 17:17:58 [main] HomeWork_06.HW6 (HW6.java:21) - 4; 
INFO  2021-11-02 17:17:58 [main] HomeWork_06.HW6 (HW6.java:21) - 5; 
INFO  2021-11-02 17:17:58 [main] HomeWork_06.HW6 (HW6.java:21) - 2; 
INFO  2021-11-02 17:17:58 [main] HomeWork_06.HW6 (HW6.java:21) - 0; 
INFO  2021-11-02 17:17:58 [main] HomeWork_06.HW6 (HW6.java:21) - 7; 
INFO  2021-11-02 17:17:58 [main] HomeWork_06.HW6 (HW6.java:21) - 8; 
INFO  2021-11-02 17:17:58 [main] HomeWork_06.HW6 (HW6.java:21) - 6; 
INFO  2021-11-02 17:17:58 [main] HomeWork_06.HW6 (HW6.java:21) - 8; 
INFO  2021-11-02 17:17:58 [main] HomeWork_06.HW6 (HW6.java:28) - Выход: 
INFO  2021-11-02 17:17:58 [main] HomeWork_06.HW6 (HW6.java:31) - 5; 
INFO  2021-11-02 17:17:58 [main] HomeWork_06.HW6 (HW6.java:31) - 2; 
INFO  2021-11-02 17:17:58 [main] HomeWork_06.HW6 (HW6.java:31) - 0; 
INFO  2021-11-02 17:17:58 [main] HomeWork_06.HW6 (HW6.java:31) - 7; 
INFO  2021-11-02 17:17:58 [main] HomeWork_06.HW6 (HW6.java:31) - 8; 
INFO  2021-11-02 17:17:58 [main] HomeWork_06.HW6 (HW6.java:31) - 6; 
INFO  2021-11-02 17:17:58 [main] HomeWork_06.HW6 (HW6.java:31) - 8; 
